Start testing: Apr 14 16:28 Eastern Daylight Time
----------------------------------------------------------
1/1 Testing: shoppingTests
1/1 Test: shoppingTests
Command: "C:/Users/Big Boi Supreme/Documents/GitHub/Example/build/test/Debug/shoppingTests.exe"
Directory: C:/Users/Big Boi Supreme/Documents/GitHub/Example/build/test
"shoppingTests" start time: Apr 14 16:28 Eastern Daylight Time
Output:
----------------------------------------------------------
Running main() from C:\Users\Big Boi Supreme\Documents\GitHub\Example\googletest\googletest\src\gtest_main.cc
[==========] Running 1 test from 1 test suite.
[----------] Global test environment set-up.
[----------] 1 test from shoppingTests
[ RUN      ] shoppingTests.macroTest
[       OK ] shoppingTests.macroTest (0 ms)
[----------] 1 test from shoppingTests (0 ms total)

[----------] Global test environment tear-down
[==========] 1 test from 1 test suite ran. (0 ms total)
[  PASSED  ] 1 test.
<end of output>
Test time =   0.04 sec
----------------------------------------------------------
Test Passed.
"shoppingTests" end time: Apr 14 16:28 Eastern Daylight Time
"shoppingTests" time elapsed: 00:00:00
----------------------------------------------------------

End testing: Apr 14 16:28 Eastern Daylight Time
