Start testing: Apr 15 15:04 EDT
----------------------------------------------------------
1/1 Testing: shoppingTests
1/1 Test: shoppingTests
Command: "/home/fuzzy/DevSSD/Example/build/test/shoppingTests"
Directory: /home/fuzzy/DevSSD/Example/build/test
"shoppingTests" start time: Apr 15 15:04 EDT
Output:
----------------------------------------------------------
Running main() from ../googletest/googletest/src/gtest_main.cc
[==========] Running 3 tests from 1 test suite.
[----------] Global test environment set-up.
[----------] 3 tests from shoppingTests
[ RUN      ] shoppingTests.macroTest
[       OK ] shoppingTests.macroTest (0 ms)
[ RUN      ] shoppingTests.curlppTest
[       OK ] shoppingTests.curlppTest (160 ms)
[ RUN      ] shoppingTests.displayTest
../test/shoppingTests.cpp:31: Failure
Expected equality of these values:
  expectedOutput.str()
    Which is: "pizza x3\napples x6\ncarrots x2\ntoothpicks x1\n"
  tmpstream.str()
    Which is: ""
With diff:
@@ -1,4 +1,1 @@
-pizza x3
-apples x6
-carrots x2
-toothpicks x1\n
+""

[  FAILED  ] shoppingTests.displayTest (0 ms)
[----------] 3 tests from shoppingTests (161 ms total)

[----------] Global test environment tear-down
[==========] 3 tests from 1 test suite ran. (161 ms total)
[  PASSED  ] 2 tests.
[  FAILED  ] 1 test, listed below:
[  FAILED  ] shoppingTests.displayTest

 1 FAILED TEST
<end of output>
Test time =   0.17 sec
----------------------------------------------------------
Test Failed.
"shoppingTests" end time: Apr 15 15:04 EDT
"shoppingTests" time elapsed: 00:00:00
----------------------------------------------------------

End testing: Apr 15 15:04 EDT
