<?xml version="1.0" encoding="UTF-8"?>
<Site BuildName="(empty)"
	BuildStamp="20210415-1724-Experimental"
	Name="(empty)"
	Generator="ctest-3.20.1"
	CompilerName=""
	CompilerVersion=""
	OSName="Linux"
	Hostname="bella"
	OSRelease="5.11.13-arch1-1"
	OSVersion="#1 SMP PREEMPT Sat, 10 Apr 2021 20:47:14 +0000"
	OSPlatform="x86_64"
	Is64Bits="1"
	VendorString="GenuineIntel"
	VendorID="Intel Corporation"
	FamilyID="6"
	ModelID="63"
	ProcessorCacheSize="15360"
	NumberOfLogicalCPU="12"
	NumberOfPhysicalCPU="6"
	TotalVirtualMemory="32767"
	TotalPhysicalMemory="15903"
	LogicalProcessorsPerPhysical="2"
	ProcessorClockFrequency="3278.07"
	>
	<Testing>
		<StartDateTime>Apr 15 15:04 EDT</StartDateTime>
		<StartTestTime>1618513457</StartTestTime>
		<TestList>
			<Test>./test/shoppingTests</Test>
		</TestList>
		<Test Status="failed">
			<Name>shoppingTests</Name>
			<Path>./test</Path>
			<FullName>./test/shoppingTests</FullName>
			<FullCommandLine>/home/fuzzy/DevSSD/Example/build/test/shoppingTests</FullCommandLine>
			<Results>
				<NamedMeasurement type="text/string" name="Exit Code">
					<Value>Failed</Value>
				</NamedMeasurement>
				<NamedMeasurement type="text/string" name="Exit Value">
					<Value>1</Value>
				</NamedMeasurement>
				<NamedMeasurement type="numeric/double" name="Execution Time">
					<Value>0.166154</Value>
				</NamedMeasurement>
				<NamedMeasurement type="numeric/double" name="Processors">
					<Value>1</Value>
				</NamedMeasurement>
				<NamedMeasurement type="text/string" name="Completion Status">
					<Value>Completed</Value>
				</NamedMeasurement>
				<NamedMeasurement type="text/string" name="Command Line">
					<Value>/home/fuzzy/DevSSD/Example/build/test/shoppingTests</Value>
				</NamedMeasurement>
				<NamedMeasurement type="text/string" name="Environment">
					<Value>#CTEST_RESOURCE_GROUP_COUNT=</Value>
				</NamedMeasurement>
				<Measurement>
					<Value encoding="base64" compression="gzip">eJyNkk1vGjEQhu/+FSNOoLCbbqhyWKkSkUKqqlVTAVUOgCLHDKxVr+3a44Tk19dmCcmiJmFOY/v182o+xkFrqddQc6m7PVg5U0Oen66NWSsk9PQ69U6crlN2m+S5EGz2ZR8LGO9YA0ga38CK7QF8kIQ5m2X7WMBXZe64at5R30tndI06apGyYA/ELaivjLXRapqu2AzGv3/CNhbtp7zmwpmURlET19/fFkH3E9S+9x5QBKes/Yj4ooJucf4hdCm9VfxxS43Nb3rdBlpbDooSrrhUwSEbbSwKwiXg38CVpEcwK6AKPcI9VwF9yQBwJ7oOZAPlnly3x5L/TSVFBdKX0LHy6YnDZjDX3FqFHjbncy24cyb2enM212QMVVaKP/FYzHUnAqi2kYW8/j+yw24kVbCUq1XJhkPIiv5nOCn6BQyHLHs2ZNnekGUvhiw7MGQnEZh6fXXx7cfo8t3m7ed33OKk2RTxA5AhrnrsuO0k5C5bmgfdXv43lx4c1/mhVazn18Vk0tRz1nzN21U2jD4o6dOg71CZh/LIRjAWv+9009Fkyv4Bd3g/Lw==</Value>
				</Measurement>
			</Results>
		</Test>
		<EndDateTime>Apr 15 15:04 EDT</EndDateTime>
		<EndTestTime>1618513457</EndTestTime>
		<ElapsedMinutes>0</ElapsedMinutes>
	</Testing>
</Site>
